<?xml version="1.0" encoding="UTF-8"?>
<!-- Generated by org.testng.reporters.JUnitReportReporter -->
<testsuite hostname="LTIN445772" failures="0" tests="1" name="IrfanChoudhury1.FrameWorkPractice.ErrorValidation" time="7.114" errors="0" timestamp="2024-08-11T23:47:09 IST" skipped="0">
  <testcase classname="IrfanChoudhury1.FrameWorkPractice.ErrorValidation" name="submitOrder" time="7.114"/>
</testsuite> <!-- IrfanChoudhury1.FrameWorkPractice.ErrorValidation -->
