<?xml version="1.0" encoding="UTF-8"?>
<!-- Generated by org.testng.reporters.JUnitReportReporter -->
<testsuite hostname="LTIN445772" failures="0" tests="1" name="IrfanChoudhury1.FrameWorkPractice.PlaceOrderTest" time="10.506" errors="0" timestamp="2024-08-06T02:42:39 IST" skipped="0">
  <testcase classname="IrfanChoudhury1.FrameWorkPractice.PlaceOrderTest" name="submitOrder" time="10.506"/>
</testsuite> <!-- IrfanChoudhury1.FrameWorkPractice.PlaceOrderTest -->
